<?xml version="1.0" encoding="UTF-8"?>
<!-- Generated by org.testng.reporters.JUnitXMLReporter -->
<testsuite ignored="0" hostname="Pratyus-MacBook-Pro.local" failures="0" tests="4" name="Default test" time="45.952" errors="0" timestamp="20 Oct 2018 22:22:49 GMT">
  <testcase classname="Module_Login.LoginPageTestScripts" name="TC01_validLogin" time="11.996"/>
  <testcase classname="Module_Login.LoginPageTestScripts" name="TC02_incorrectPassword" time="10.712"/>
  <testcase classname="Module_Login.LoginPageTestScripts" name="TC03_IncorrectUserName" time="11.576"/>
  <testcase classname="Module_Login.LoginPageTestScripts" name="TC04_ForgotPassword" time="10.74"/>
</testsuite> <!-- Default test -->
