<?xml version="1.0" encoding="UTF-8"?>
<testng-results ignored="0" total="4" passed="4" failed="0" skipped="0">
  <reporter-output>
  </reporter-output>
  <suite started-at="2018-10-20T22:22:03Z" name="Default suite" finished-at="2018-10-20T22:22:49Z" duration-ms="45952">
    <groups>
    </groups>
    <test started-at="2018-10-20T22:22:03Z" name="Default test" finished-at="2018-10-20T22:22:49Z" duration-ms="45952">
      <class name="Module_Login.LoginPageTestScripts">
        <test-method is-config="true" signature="beforeSuite()[pri:0, instance:Module_Login.LoginPageTestScripts@1b11171f]" started-at="2018-10-20T22:22:02Z" name="beforeSuite" finished-at="2018-10-20T22:22:03Z" duration-ms="72" status="PASS">
          <reporter-output>
          </reporter-output>
        </test-method> <!-- beforeSuite -->
        <test-method signature="TC01_validLogin()[pri:0, instance:Module_Login.LoginPageTestScripts@1b11171f]" started-at="2018-10-20T22:22:03Z" name="TC01_validLogin" finished-at="2018-10-20T22:22:15Z" duration-ms="11996" status="PASS">
          <reporter-output>
          </reporter-output>
        </test-method> <!-- TC01_validLogin -->
        <test-method is-config="true" signature="afterEachMethod()[pri:0, instance:Module_Login.LoginPageTestScripts@1b11171f]" started-at="2018-10-20T22:22:15Z" name="afterEachMethod" finished-at="2018-10-20T22:22:15Z" duration-ms="326" status="PASS">
          <reporter-output>
          </reporter-output>
        </test-method> <!-- afterEachMethod -->
        <test-method signature="TC02_incorrectPassword()[pri:0, instance:Module_Login.LoginPageTestScripts@1b11171f]" started-at="2018-10-20T22:22:15Z" name="TC02_incorrectPassword" finished-at="2018-10-20T22:22:26Z" duration-ms="10712" status="PASS">
          <reporter-output>
          </reporter-output>
        </test-method> <!-- TC02_incorrectPassword -->
        <test-method is-config="true" signature="afterEachMethod()[pri:0, instance:Module_Login.LoginPageTestScripts@1b11171f]" started-at="2018-10-20T22:22:26Z" name="afterEachMethod" finished-at="2018-10-20T22:22:26Z" duration-ms="109" status="PASS">
          <reporter-output>
          </reporter-output>
        </test-method> <!-- afterEachMethod -->
        <test-method signature="TC03_IncorrectUserName()[pri:0, instance:Module_Login.LoginPageTestScripts@1b11171f]" started-at="2018-10-20T22:22:26Z" name="TC03_IncorrectUserName" finished-at="2018-10-20T22:22:37Z" duration-ms="11576" status="PASS">
          <reporter-output>
          </reporter-output>
        </test-method> <!-- TC03_IncorrectUserName -->
        <test-method is-config="true" signature="afterEachMethod()[pri:0, instance:Module_Login.LoginPageTestScripts@1b11171f]" started-at="2018-10-20T22:22:37Z" name="afterEachMethod" finished-at="2018-10-20T22:22:38Z" duration-ms="273" status="PASS">
          <reporter-output>
          </reporter-output>
        </test-method> <!-- afterEachMethod -->
        <test-method signature="TC04_ForgotPassword()[pri:0, instance:Module_Login.LoginPageTestScripts@1b11171f]" started-at="2018-10-20T22:22:38Z" name="TC04_ForgotPassword" finished-at="2018-10-20T22:22:48Z" duration-ms="10740" status="PASS">
          <reporter-output>
          </reporter-output>
        </test-method> <!-- TC04_ForgotPassword -->
        <test-method is-config="true" signature="afterEachMethod()[pri:0, instance:Module_Login.LoginPageTestScripts@1b11171f]" started-at="2018-10-20T22:22:48Z" name="afterEachMethod" finished-at="2018-10-20T22:22:49Z" duration-ms="198" status="PASS">
          <reporter-output>
          </reporter-output>
        </test-method> <!-- afterEachMethod -->
      </class> <!-- Module_Login.LoginPageTestScripts -->
    </test> <!-- Default test -->
  </suite> <!-- Default suite -->
</testng-results>
