<?xml version="1.0" encoding="UTF-8"?>
<testng-results skipped="0" failed="2" ignored="6" total="18" passed="10">
  <reporter-output>
  </reporter-output>
  <suite name="My test NG xero " duration-ms="326726" started-at="2018-10-27T02:42:36Z" finished-at="2018-10-27T02:48:03Z">
    <groups>
    </groups>
    <test name="all-packages" duration-ms="326726" started-at="2018-10-27T02:42:36Z" finished-at="2018-10-27T02:48:03Z">
      <class name="Module_HomePage.HomePage">
        <test-method status="PASS" signature="beforeSuite()[pri:0, instance:Module_HomePage.HomePage@192d3247]" name="beforeSuite" is-config="true" duration-ms="105" started-at="2018-10-27T02:42:36Z" finished-at="2018-10-27T02:42:36Z">
          <reporter-output>
          </reporter-output>
        </test-method> <!-- beforeSuite -->
        <test-method status="PASS" signature="beforeSuite()[pri:0, instance:Module_Login.LoginPageTestScripts@52f759d7]" name="beforeSuite" is-config="true" duration-ms="2" started-at="2018-10-27T02:42:36Z" finished-at="2018-10-27T02:42:36Z">
          <reporter-output>
          </reporter-output>
        </test-method> <!-- beforeSuite -->
        <test-method status="PASS" signature="beforeSuite()[pri:0, instance:Module_MyXero.MyXero@3ecd23d9]" name="beforeSuite" is-config="true" duration-ms="2" started-at="2018-10-27T02:42:36Z" finished-at="2018-10-27T02:42:36Z">
          <reporter-output>
          </reporter-output>
        </test-method> <!-- beforeSuite -->
        <test-method status="PASS" signature="beforeSuite()[pri:0, instance:Module_SignUp.SignUp@7cbd213e]" name="beforeSuite" is-config="true" duration-ms="3" started-at="2018-10-27T02:42:36Z" finished-at="2018-10-27T02:42:36Z">
          <reporter-output>
          </reporter-output>
        </test-method> <!-- beforeSuite -->
        <test-method status="PASS" signature="TC10_HomePageElements()[pri:0, instance:Module_HomePage.HomePage@192d3247]" name="TC10_HomePageElements" duration-ms="94017" started-at="2018-10-27T02:44:31Z" finished-at="2018-10-27T02:46:05Z">
          <reporter-output>
          </reporter-output>
        </test-method> <!-- TC10_HomePageElements -->
        <test-method status="PASS" signature="afterEachMethod()[pri:0, instance:Module_HomePage.HomePage@192d3247]" name="afterEachMethod" is-config="true" duration-ms="252" started-at="2018-10-27T02:46:05Z" finished-at="2018-10-27T02:46:05Z">
          <reporter-output>
          </reporter-output>
        </test-method> <!-- afterEachMethod -->
        <test-method status="FAIL" signature="TC11_Logout()[pri:0, instance:Module_HomePage.HomePage@192d3247]" name="TC11_Logout" duration-ms="12431" started-at="2018-10-27T02:46:05Z" finished-at="2018-10-27T02:46:17Z">
          <exception class="java.lang.NullPointerException">
            <full-stacktrace>
              <![CDATA[java.lang.NullPointerException
at xeroAppTesting.SetUps.getLocator(SetUps.java:176)
at Module_HomePage.HomePage.TC11_Logout(HomePage.java:187)
at sun.reflect.NativeMethodAccessorImpl.invoke0(Native Method)
at sun.reflect.NativeMethodAccessorImpl.invoke(NativeMethodAccessorImpl.java:62)
at sun.reflect.DelegatingMethodAccessorImpl.invoke(DelegatingMethodAccessorImpl.java:43)
at java.lang.reflect.Method.invoke(Method.java:498)
at org.testng.internal.MethodInvocationHelper.invokeMethod(MethodInvocationHelper.java:124)
at org.testng.internal.Invoker.invokeMethod(Invoker.java:583)
at org.testng.internal.Invoker.invokeTestMethod(Invoker.java:719)
at org.testng.internal.Invoker.invokeTestMethods(Invoker.java:989)
at org.testng.internal.TestMethodWorker.invokeTestMethods(TestMethodWorker.java:125)
at org.testng.internal.TestMethodWorker.run(TestMethodWorker.java:109)
at org.testng.TestRunner.privateRun(TestRunner.java:648)
at org.testng.TestRunner.run(TestRunner.java:505)
at org.testng.SuiteRunner.runTest(SuiteRunner.java:455)
at org.testng.SuiteRunner.runSequentially(SuiteRunner.java:450)
at org.testng.SuiteRunner.privateRun(SuiteRunner.java:415)
at org.testng.SuiteRunner.run(SuiteRunner.java:364)
at org.testng.SuiteRunnerWorker.runSuite(SuiteRunnerWorker.java:52)
at org.testng.SuiteRunnerWorker.run(SuiteRunnerWorker.java:84)
at org.testng.TestNG.runSuitesSequentially(TestNG.java:1208)
at org.testng.TestNG.runSuitesLocally(TestNG.java:1137)
at org.testng.TestNG.runSuites(TestNG.java:1049)
at org.testng.TestNG.run(TestNG.java:1017)
at org.testng.remote.AbstractRemoteTestNG.run(AbstractRemoteTestNG.java:114)
at org.testng.remote.RemoteTestNG.initAndRun(RemoteTestNG.java:251)
at org.testng.remote.RemoteTestNG.main(RemoteTestNG.java:77)
]]>
            </full-stacktrace>
          </exception> <!-- java.lang.NullPointerException -->
          <reporter-output>
          </reporter-output>
        </test-method> <!-- TC11_Logout -->
        <test-method status="PASS" signature="afterEachMethod()[pri:0, instance:Module_HomePage.HomePage@192d3247]" name="afterEachMethod" is-config="true" duration-ms="610" started-at="2018-10-27T02:46:17Z" finished-at="2018-10-27T02:46:18Z">
          <reporter-output>
          </reporter-output>
        </test-method> <!-- afterEachMethod -->
      </class> <!-- Module_HomePage.HomePage -->
      <class name="Module_MyXero.MyXero">
        <test-method status="PASS" signature="TC13_AddOrganisation()[pri:0, instance:Module_MyXero.MyXero@3ecd23d9]" name="TC13_AddOrganisation" duration-ms="33182" started-at="2018-10-27T02:46:18Z" finished-at="2018-10-27T02:46:51Z">
          <reporter-output>
          </reporter-output>
        </test-method> <!-- TC13_AddOrganisation -->
        <test-method status="PASS" signature="afterEachMethod()[pri:0, instance:Module_MyXero.MyXero@3ecd23d9]" name="afterEachMethod" is-config="true" duration-ms="351" started-at="2018-10-27T02:46:51Z" finished-at="2018-10-27T02:46:51Z">
          <reporter-output>
          </reporter-output>
        </test-method> <!-- afterEachMethod -->
        <test-method status="PASS" signature="TC14_PaidVersion()[pri:0, instance:Module_MyXero.MyXero@3ecd23d9]" name="TC14_PaidVersion" duration-ms="37014" started-at="2018-10-27T02:46:51Z" finished-at="2018-10-27T02:47:28Z">
          <reporter-output>
          </reporter-output>
        </test-method> <!-- TC14_PaidVersion -->
        <test-method status="PASS" signature="afterEachMethod()[pri:0, instance:Module_MyXero.MyXero@3ecd23d9]" name="afterEachMethod" is-config="true" duration-ms="265" started-at="2018-10-27T02:47:28Z" finished-at="2018-10-27T02:47:29Z">
          <reporter-output>
          </reporter-output>
        </test-method> <!-- afterEachMethod -->
        <test-method status="PASS" signature="TC18_QuickBooksVersion()[pri:0, instance:Module_MyXero.MyXero@3ecd23d9]" name="TC18_QuickBooksVersion" duration-ms="34021" started-at="2018-10-27T02:47:29Z" finished-at="2018-10-27T02:48:03Z">
          <reporter-output>
          </reporter-output>
        </test-method> <!-- TC18_QuickBooksVersion -->
        <test-method status="PASS" signature="afterEachMethod()[pri:0, instance:Module_MyXero.MyXero@3ecd23d9]" name="afterEachMethod" is-config="true" duration-ms="249" started-at="2018-10-27T02:48:03Z" finished-at="2018-10-27T02:48:03Z">
          <reporter-output>
          </reporter-output>
        </test-method> <!-- afterEachMethod -->
      </class> <!-- Module_MyXero.MyXero -->
      <class name="Module_Login.LoginPageTestScripts">
        <test-method status="PASS" signature="TC01_validLogin()[pri:0, instance:Module_Login.LoginPageTestScripts@52f759d7]" name="TC01_validLogin" duration-ms="12521" started-at="2018-10-27T02:42:36Z" finished-at="2018-10-27T02:42:49Z">
          <reporter-output>
          </reporter-output>
        </test-method> <!-- TC01_validLogin -->
        <test-method status="PASS" signature="afterEachMethod()[pri:0, instance:Module_Login.LoginPageTestScripts@52f759d7]" name="afterEachMethod" is-config="true" duration-ms="328" started-at="2018-10-27T02:42:49Z" finished-at="2018-10-27T02:42:49Z">
          <reporter-output>
          </reporter-output>
        </test-method> <!-- afterEachMethod -->
        <test-method status="PASS" signature="TC02_incorrectPassword()[pri:0, instance:Module_Login.LoginPageTestScripts@52f759d7]" name="TC02_incorrectPassword" duration-ms="12121" started-at="2018-10-27T02:42:49Z" finished-at="2018-10-27T02:43:01Z">
          <reporter-output>
          </reporter-output>
        </test-method> <!-- TC02_incorrectPassword -->
        <test-method status="PASS" signature="afterEachMethod()[pri:0, instance:Module_Login.LoginPageTestScripts@52f759d7]" name="afterEachMethod" is-config="true" duration-ms="134" started-at="2018-10-27T02:43:01Z" finished-at="2018-10-27T02:43:01Z">
          <reporter-output>
          </reporter-output>
        </test-method> <!-- afterEachMethod -->
        <test-method status="PASS" signature="TC03_IncorrectUserName()[pri:0, instance:Module_Login.LoginPageTestScripts@52f759d7]" name="TC03_IncorrectUserName" duration-ms="11637" started-at="2018-10-27T02:43:01Z" finished-at="2018-10-27T02:43:13Z">
          <reporter-output>
          </reporter-output>
        </test-method> <!-- TC03_IncorrectUserName -->
        <test-method status="PASS" signature="afterEachMethod()[pri:0, instance:Module_Login.LoginPageTestScripts@52f759d7]" name="afterEachMethod" is-config="true" duration-ms="169" started-at="2018-10-27T02:43:13Z" finished-at="2018-10-27T02:43:13Z">
          <reporter-output>
          </reporter-output>
        </test-method> <!-- afterEachMethod -->
        <test-method status="PASS" signature="TC04_ForgotPassword()[pri:0, instance:Module_Login.LoginPageTestScripts@52f759d7]" name="TC04_ForgotPassword" duration-ms="11549" started-at="2018-10-27T02:43:13Z" finished-at="2018-10-27T02:43:25Z">
          <reporter-output>
          </reporter-output>
        </test-method> <!-- TC04_ForgotPassword -->
        <test-method status="PASS" signature="afterEachMethod()[pri:0, instance:Module_Login.LoginPageTestScripts@52f759d7]" name="afterEachMethod" is-config="true" duration-ms="196" started-at="2018-10-27T02:43:25Z" finished-at="2018-10-27T02:43:25Z">
          <reporter-output>
          </reporter-output>
        </test-method> <!-- afterEachMethod -->
      </class> <!-- Module_Login.LoginPageTestScripts -->
      <class name="Module_SignUp.SignUp">
        <test-method status="PASS" signature="TC07_verifyPrivacyPolicyLink()[pri:0, instance:Module_SignUp.SignUp@7cbd213e]" name="TC07_verifyPrivacyPolicyLink" duration-ms="22343" started-at="2018-10-27T02:43:25Z" finished-at="2018-10-27T02:43:47Z">
          <reporter-output>
          </reporter-output>
        </test-method> <!-- TC07_verifyPrivacyPolicyLink -->
        <test-method status="PASS" signature="afterEachMethod()[pri:0, instance:Module_SignUp.SignUp@7cbd213e]" name="afterEachMethod" is-config="true" duration-ms="214" started-at="2018-10-27T02:43:47Z" finished-at="2018-10-27T02:43:48Z">
          <reporter-output>
          </reporter-output>
        </test-method> <!-- afterEachMethod -->
        <test-method status="PASS" signature="TC08_newOffersLink()[pri:0, instance:Module_SignUp.SignUp@7cbd213e]" name="TC08_newOffersLink" duration-ms="19754" started-at="2018-10-27T02:43:48Z" finished-at="2018-10-27T02:44:07Z">
          <reporter-output>
          </reporter-output>
        </test-method> <!-- TC08_newOffersLink -->
        <test-method status="PASS" signature="afterEachMethod()[pri:0, instance:Module_SignUp.SignUp@7cbd213e]" name="afterEachMethod" is-config="true" duration-ms="245" started-at="2018-10-27T02:44:07Z" finished-at="2018-10-27T02:44:08Z">
          <reporter-output>
          </reporter-output>
        </test-method> <!-- afterEachMethod -->
        <test-method status="FAIL" signature="TC09_accountantBookkeeperLink()[pri:0, instance:Module_SignUp.SignUp@7cbd213e]" name="TC09_accountantBookkeeperLink" duration-ms="22782" started-at="2018-10-27T02:44:08Z" finished-at="2018-10-27T02:44:30Z">
          <exception class="org.openqa.selenium.NoSuchSessionException">
            <message>
              <![CDATA[Tried to run command without establishing a connection
Build info: version: '3.14.0', revision: 'aacccce0', time: '2018-08-02T20:19:58.91Z'
System info: host: 'Pratyus-MacBook-Pro.local', ip: '2601:646:c780:31e0:9594:9954:9a14:4cc4%en0', os.name: 'Mac OS X', os.arch: 'x86_64', os.version: '10.13.6', java.version: '1.8.0_191'
Driver info: org.openqa.selenium.firefox.FirefoxDriver
Capabilities {acceptInsecureCerts: true, browserName: firefox, browserVersion: 62.0.2, javascriptEnabled: true, moz:accessibilityChecks: false, moz:geckodriverVersion: 0.22.0, moz:headless: false, moz:processID: 2965, moz:profile: /var/folders/7m/wlx0f71s1lb..., moz:useNonSpecCompliantPointerOrigin: false, moz:webdriverClick: true, pageLoadStrategy: normal, platform: MAC, platformName: MAC, platformVersion: 17.7.0, rotatable: false, timeouts: {implicit: 0, pageLoad: 300000, script: 30000}}
Session ID: 8e38bc0b-e2da-cd46-844a-649de69b6f1d]]>
            </message>
            <full-stacktrace>
              <![CDATA[org.openqa.selenium.NoSuchSessionException: Tried to run command without establishing a connection
Build info: version: '3.14.0', revision: 'aacccce0', time: '2018-08-02T20:19:58.91Z'
System info: host: 'Pratyus-MacBook-Pro.local', ip: '2601:646:c780:31e0:9594:9954:9a14:4cc4%en0', os.name: 'Mac OS X', os.arch: 'x86_64', os.version: '10.13.6', java.version: '1.8.0_191'
Driver info: org.openqa.selenium.firefox.FirefoxDriver
Capabilities {acceptInsecureCerts: true, browserName: firefox, browserVersion: 62.0.2, javascriptEnabled: true, moz:accessibilityChecks: false, moz:geckodriverVersion: 0.22.0, moz:headless: false, moz:processID: 2965, moz:profile: /var/folders/7m/wlx0f71s1lb..., moz:useNonSpecCompliantPointerOrigin: false, moz:webdriverClick: true, pageLoadStrategy: normal, platform: MAC, platformName: MAC, platformVersion: 17.7.0, rotatable: false, timeouts: {implicit: 0, pageLoad: 300000, script: 30000}}
Session ID: 8e38bc0b-e2da-cd46-844a-649de69b6f1d
at sun.reflect.NativeConstructorAccessorImpl.newInstance0(Native Method)
at sun.reflect.NativeConstructorAccessorImpl.newInstance(NativeConstructorAccessorImpl.java:62)
at sun.reflect.DelegatingConstructorAccessorImpl.newInstance(DelegatingConstructorAccessorImpl.java:45)
at java.lang.reflect.Constructor.newInstance(Constructor.java:423)
at org.openqa.selenium.remote.http.W3CHttpResponseCodec.createException(W3CHttpResponseCodec.java:187)
at org.openqa.selenium.remote.http.W3CHttpResponseCodec.decode(W3CHttpResponseCodec.java:122)
at org.openqa.selenium.remote.http.W3CHttpResponseCodec.decode(W3CHttpResponseCodec.java:49)
at org.openqa.selenium.remote.HttpCommandExecutor.execute(HttpCommandExecutor.java:158)
at org.openqa.selenium.remote.service.DriverCommandExecutor.execute(DriverCommandExecutor.java:83)
at org.openqa.selenium.remote.RemoteWebDriver.execute(RemoteWebDriver.java:548)
at org.openqa.selenium.remote.RemoteWebDriver.execute(RemoteWebDriver.java:605)
at org.openqa.selenium.remote.RemoteWebDriver.close(RemoteWebDriver.java:438)
at Module_SignUp.SignUp.TC09_accountantBookkeeperLink(SignUp.java:287)
at sun.reflect.NativeMethodAccessorImpl.invoke0(Native Method)
at sun.reflect.NativeMethodAccessorImpl.invoke(NativeMethodAccessorImpl.java:62)
at sun.reflect.DelegatingMethodAccessorImpl.invoke(DelegatingMethodAccessorImpl.java:43)
at java.lang.reflect.Method.invoke(Method.java:498)
at org.testng.internal.MethodInvocationHelper.invokeMethod(MethodInvocationHelper.java:124)
at org.testng.internal.Invoker.invokeMethod(Invoker.java:583)
at org.testng.internal.Invoker.invokeTestMethod(Invoker.java:719)
at org.testng.internal.Invoker.invokeTestMethods(Invoker.java:989)
at org.testng.internal.TestMethodWorker.invokeTestMethods(TestMethodWorker.java:125)
at org.testng.internal.TestMethodWorker.run(TestMethodWorker.java:109)
at org.testng.TestRunner.privateRun(TestRunner.java:648)
at org.testng.TestRunner.run(TestRunner.java:505)
at org.testng.SuiteRunner.runTest(SuiteRunner.java:455)
at org.testng.SuiteRunner.runSequentially(SuiteRunner.java:450)
at org.testng.SuiteRunner.privateRun(SuiteRunner.java:415)
at org.testng.SuiteRunner.run(SuiteRunner.java:364)
at org.testng.SuiteRunnerWorker.runSuite(SuiteRunnerWorker.java:52)
at org.testng.SuiteRunnerWorker.run(SuiteRunnerWorker.java:84)
at org.testng.TestNG.runSuitesSequentially(TestNG.java:1208)
at org.testng.TestNG.runSuitesLocally(TestNG.java:1137)
at org.testng.TestNG.runSuites(TestNG.java:1049)
at org.testng.TestNG.run(TestNG.java:1017)
at org.testng.remote.AbstractRemoteTestNG.run(AbstractRemoteTestNG.java:114)
at org.testng.remote.RemoteTestNG.initAndRun(RemoteTestNG.java:251)
at org.testng.remote.RemoteTestNG.main(RemoteTestNG.java:77)
]]>
            </full-stacktrace>
          </exception> <!-- org.openqa.selenium.NoSuchSessionException -->
          <reporter-output>
          </reporter-output>
        </test-method> <!-- TC09_accountantBookkeeperLink -->
        <test-method status="PASS" signature="afterEachMethod()[pri:0, instance:Module_SignUp.SignUp@7cbd213e]" name="afterEachMethod" is-config="true" duration-ms="299" started-at="2018-10-27T02:44:30Z" finished-at="2018-10-27T02:44:31Z">
          <reporter-output>
          </reporter-output>
        </test-method> <!-- afterEachMethod -->
      </class> <!-- Module_SignUp.SignUp -->
    </test> <!-- all-packages -->
  </suite> <!-- My test NG xero  -->
</testng-results>
